<?xml version="1.0" encoding="UTF-8"?>
<testsuite name="PasswordCheckerTest" tests="2" skipped="0" failures="0" errors="0" timestamp="2020-03-04T09:30:43" hostname="admin2-ThinkCentre-M72e" time="0.013">
  <properties/>
  <testcase name="passwordIsValid" classname="PasswordCheckerTest" time="0.012"/>
  <testcase name="passwordIsOk" classname="PasswordCheckerTest" time="0.001"/>
  <system-out><![CDATA[password should exist.
password should be longer than 8 characters.
password should have at least one lowercase letter
password should have at least one uppercase letter
password should at least have one digit
invalid!
]]></system-out>
  <system-err><![CDATA[]]></system-err>
</testsuite>
